{"E:\\Estudos\\React\\Projetos\\MyReads\\src\\App.js": {"path":"E:\\Estudos\\React\\Projetos\\MyReads\\src\\App.js","statementMap":{"0":{"start":{"line":1,"column":39},"end":{"line":1,"column":101}},"1":{"start":{"line":1,"column":120},"end":{"line":1,"column":172}},"2":{"start":{"line":6,"column":177},"end":{"line":6,"column":393}},"3":{"start":{"line":6,"column":205},"end":{"line":6,"column":216}},"4":{"start":{"line":6,"column":237},"end":{"line":6,"column":239}},"5":{"start":{"line":6,"column":240},"end":{"line":6,"column":357}},"6":{"start":{"line":6,"column":258},"end":{"line":6,"column":356}},"7":{"start":{"line":6,"column":280},"end":{"line":6,"column":355}},"8":{"start":{"line":6,"column":332},"end":{"line":6,"column":355}},"9":{"start":{"line":6,"column":357},"end":{"line":6,"column":378}},"10":{"start":{"line":6,"column":378},"end":{"line":6,"column":392}},"11":{"start":{"line":6,"column":432},"end":{"line":6,"column":486}},"12":{"start":{"line":25,"column":4},"end":{"line":25,"column":22}},"13":{"start":{"line":29,"column":4},"end":{"line":29,"column":22}},"14":{"start":{"line":33,"column":4},"end":{"line":43,"column":325}},"15":{"start":{"line":37,"column":53},"end":{"line":37,"column":262}},"16":{"start":{"line":43,"column":53},"end":{"line":43,"column":251}}},"fnMap":{"0":{"name":"_interopRequireWildcard","decl":{"start":{"line":6,"column":147},"end":{"line":6,"column":170}},"loc":{"start":{"line":6,"column":176},"end":{"line":6,"column":394}},"line":6},"1":{"name":"_interopRequireDefault","decl":{"start":{"line":6,"column":403},"end":{"line":6,"column":425}},"loc":{"start":{"line":6,"column":431},"end":{"line":6,"column":487}},"line":6},"2":{"name":"(anonymous_2)","decl":{"start":{"line":24,"column":2},"end":{"line":24,"column":3}},"loc":{"start":{"line":24,"column":22},"end":{"line":26,"column":3}},"line":24},"3":{"name":"(anonymous_3)","decl":{"start":{"line":28,"column":2},"end":{"line":28,"column":3}},"loc":{"start":{"line":28,"column":30},"end":{"line":30,"column":3}},"line":28},"4":{"name":"(anonymous_4)","decl":{"start":{"line":32,"column":2},"end":{"line":32,"column":3}},"loc":{"start":{"line":32,"column":11},"end":{"line":47,"column":3}},"line":32},"5":{"name":"(anonymous_5)","decl":{"start":{"line":37,"column":21},"end":{"line":37,"column":22}},"loc":{"start":{"line":37,"column":53},"end":{"line":37,"column":262}},"line":37},"6":{"name":"(anonymous_6)","decl":{"start":{"line":43,"column":21},"end":{"line":43,"column":22}},"loc":{"start":{"line":43,"column":53},"end":{"line":43,"column":251}},"line":43}},"branchMap":{"0":{"loc":{"start":{"line":6,"column":177},"end":{"line":6,"column":393}},"type":"if","locations":[{"start":{"line":6,"column":177},"end":{"line":6,"column":393}},{"start":{"line":6,"column":177},"end":{"line":6,"column":393}}],"line":6},"1":{"loc":{"start":{"line":6,"column":181},"end":{"line":6,"column":202}},"type":"binary-expr","locations":[{"start":{"line":6,"column":181},"end":{"line":6,"column":184}},{"start":{"line":6,"column":188},"end":{"line":6,"column":202}}],"line":6},"2":{"loc":{"start":{"line":6,"column":240},"end":{"line":6,"column":357}},"type":"if","locations":[{"start":{"line":6,"column":240},"end":{"line":6,"column":357}},{"start":{"line":6,"column":240},"end":{"line":6,"column":357}}],"line":6},"3":{"loc":{"start":{"line":6,"column":280},"end":{"line":6,"column":355}},"type":"if","locations":[{"start":{"line":6,"column":280},"end":{"line":6,"column":355}},{"start":{"line":6,"column":280},"end":{"line":6,"column":355}}],"line":6},"4":{"loc":{"start":{"line":6,"column":439},"end":{"line":6,"column":485}},"type":"cond-expr","locations":[{"start":{"line":6,"column":463},"end":{"line":6,"column":466}},{"start":{"line":6,"column":469},"end":{"line":6,"column":485}}],"line":6},"5":{"loc":{"start":{"line":6,"column":439},"end":{"line":6,"column":460}},"type":"binary-expr","locations":[{"start":{"line":6,"column":439},"end":{"line":6,"column":442}},{"start":{"line":6,"column":446},"end":{"line":6,"column":460}}],"line":6}},"s":{"0":0,"1":0,"2":0,"3":0,"4":0,"5":0,"6":0,"7":0,"8":0,"9":0,"10":0,"11":0,"12":0,"13":0,"14":0,"15":0,"16":0},"f":{"0":0,"1":0,"2":0,"3":0,"4":0,"5":0,"6":0},"b":{"0":[0,0],"1":[0,0],"2":[0,0],"3":[0,0],"4":[0,0],"5":[0,0]}}
,"E:\\Estudos\\React\\Projetos\\MyReads\\src\\Book.js": {"path":"E:\\Estudos\\React\\Projetos\\MyReads\\src\\Book.js","statementMap":{"0":{"start":{"line":1,"column":39},"end":{"line":1,"column":101}},"1":{"start":{"line":1,"column":120},"end":{"line":1,"column":173}},"2":{"start":{"line":4,"column":462},"end":{"line":4,"column":516}},"3":{"start":{"line":27,"column":21},"end":{"line":27,"column":31}},"4":{"start":{"line":28,"column":4},"end":{"line":51,"column":57}},"5":{"start":{"line":45,"column":14},"end":{"line":45,"column":38}}},"fnMap":{"0":{"name":"_interopRequireDefault","decl":{"start":{"line":4,"column":433},"end":{"line":4,"column":455}},"loc":{"start":{"line":4,"column":461},"end":{"line":4,"column":517}},"line":4},"1":{"name":"(anonymous_1)","decl":{"start":{"line":26,"column":2},"end":{"line":26,"column":3}},"loc":{"start":{"line":26,"column":11},"end":{"line":55,"column":3}},"line":26},"2":{"name":"(anonymous_2)","decl":{"start":{"line":44,"column":25},"end":{"line":44,"column":26}},"loc":{"start":{"line":44,"column":34},"end":{"line":46,"column":13}},"line":44}},"branchMap":{"0":{"loc":{"start":{"line":4,"column":469},"end":{"line":4,"column":515}},"type":"cond-expr","locations":[{"start":{"line":4,"column":493},"end":{"line":4,"column":496}},{"start":{"line":4,"column":499},"end":{"line":4,"column":515}}],"line":4},"1":{"loc":{"start":{"line":4,"column":469},"end":{"line":4,"column":490}},"type":"binary-expr","locations":[{"start":{"line":4,"column":469},"end":{"line":4,"column":472}},{"start":{"line":4,"column":476},"end":{"line":4,"column":490}}],"line":4},"2":{"loc":{"start":{"line":38,"column":14},"end":{"line":38,"column":62}},"type":"cond-expr","locations":[{"start":{"line":38,"column":32},"end":{"line":38,"column":57}},{"start":{"line":38,"column":60},"end":{"line":38,"column":62}}],"line":38},"3":{"loc":{"start":{"line":51,"column":10},"end":{"line":51,"column":53}},"type":"cond-expr","locations":[{"start":{"line":51,"column":25},"end":{"line":51,"column":48}},{"start":{"line":51,"column":51},"end":{"line":51,"column":53}}],"line":51}},"s":{"0":0,"1":0,"2":0,"3":0,"4":0,"5":0},"f":{"0":0,"1":0,"2":0},"b":{"0":[0,0],"1":[0,0],"2":[0,0],"3":[0,0]}}
,"E:\\Estudos\\React\\Projetos\\MyReads\\src\\BookShelf.js": {"path":"E:\\Estudos\\React\\Projetos\\MyReads\\src\\BookShelf.js","statementMap":{"0":{"start":{"line":1,"column":39},"end":{"line":1,"column":101}},"1":{"start":{"line":1,"column":120},"end":{"line":1,"column":178}},"2":{"start":{"line":3,"column":183},"end":{"line":3,"column":237}},"3":{"start":{"line":18,"column":30},"end":{"line":32,"column":9}},"4":{"start":{"line":20,"column":8},"end":{"line":23,"column":43}},"5":{"start":{"line":21,"column":8},"end":{"line":23,"column":43}},"6":{"start":{"line":22,"column":22},"end":{"line":22,"column":40}},"7":{"start":{"line":23,"column":19},"end":{"line":23,"column":41}},"8":{"start":{"line":24,"column":8},"end":{"line":28,"column":137}},"9":{"start":{"line":28,"column":35},"end":{"line":28,"column":63}},"10":{"start":{"line":35,"column":4},"end":{"line":43,"column":16}}},"fnMap":{"0":{"name":"_interopRequireDefault","decl":{"start":{"line":3,"column":154},"end":{"line":3,"column":176}},"loc":{"start":{"line":3,"column":182},"end":{"line":3,"column":238}},"line":3},"1":{"name":"(anonymous_1)","decl":{"start":{"line":16,"column":2},"end":{"line":16,"column":3}},"loc":{"start":{"line":16,"column":11},"end":{"line":47,"column":3}},"line":16},"2":{"name":"(anonymous_2)","decl":{"start":{"line":19,"column":27},"end":{"line":19,"column":28}},"loc":{"start":{"line":19,"column":35},"end":{"line":32,"column":7}},"line":19},"3":{"name":"(anonymous_3)","decl":{"start":{"line":22,"column":15},"end":{"line":22,"column":16}},"loc":{"start":{"line":22,"column":22},"end":{"line":22,"column":40}},"line":22},"4":{"name":"(anonymous_4)","decl":{"start":{"line":23,"column":12},"end":{"line":23,"column":13}},"loc":{"start":{"line":23,"column":19},"end":{"line":23,"column":41}},"line":23},"5":{"name":"(anonymous_5)","decl":{"start":{"line":28,"column":27},"end":{"line":28,"column":28}},"loc":{"start":{"line":28,"column":35},"end":{"line":28,"column":63}},"line":28}},"branchMap":{"0":{"loc":{"start":{"line":3,"column":190},"end":{"line":3,"column":236}},"type":"cond-expr","locations":[{"start":{"line":3,"column":214},"end":{"line":3,"column":217}},{"start":{"line":3,"column":220},"end":{"line":3,"column":236}}],"line":3},"1":{"loc":{"start":{"line":3,"column":190},"end":{"line":3,"column":211}},"type":"binary-expr","locations":[{"start":{"line":3,"column":190},"end":{"line":3,"column":193}},{"start":{"line":3,"column":197},"end":{"line":3,"column":211}}],"line":3},"2":{"loc":{"start":{"line":20,"column":8},"end":{"line":23,"column":43}},"type":"if","locations":[{"start":{"line":20,"column":8},"end":{"line":23,"column":43}},{"start":{"line":20,"column":8},"end":{"line":23,"column":43}}],"line":20},"3":{"loc":{"start":{"line":37,"column":8},"end":{"line":43,"column":13}},"type":"cond-expr","locations":[{"start":{"line":43,"column":8},"end":{"line":43,"column":13}}],"line":37}},"s":{"0":0,"1":0,"2":0,"3":0,"4":0,"5":0,"6":0,"7":0,"8":0,"9":0,"10":0},"f":{"0":0,"1":0,"2":0,"3":0,"4":0,"5":0},"b":{"0":[0,0],"1":[0,0],"2":[0,0],"3":[0]}}
,"E:\\Estudos\\React\\Projetos\\MyReads\\src\\BookShelfChanger.js": {"path":"E:\\Estudos\\React\\Projetos\\MyReads\\src\\BookShelfChanger.js","statementMap":{"0":{"start":{"line":16,"column":4},"end":{"line":31,"column":6}},"1":{"start":{"line":20,"column":29},"end":{"line":20,"column":71}}},"fnMap":{"0":{"name":"(anonymous_0)","decl":{"start":{"line":15,"column":2},"end":{"line":15,"column":3}},"loc":{"start":{"line":15,"column":11},"end":{"line":32,"column":3}},"line":15},"1":{"name":"(anonymous_1)","decl":{"start":{"line":20,"column":20},"end":{"line":20,"column":21}},"loc":{"start":{"line":20,"column":29},"end":{"line":20,"column":71}},"line":20}},"branchMap":{},"s":{"0":3,"1":1},"f":{"0":3,"1":1},"b":{},"_coverageSchema":"332fd63041d2c1bcb487cc26dd0d5f7d97098a6c","hash":"978ffaf46df5ce1ce2d6187225cadf419b44dc9e"}
,"E:\\Estudos\\React\\Projetos\\MyReads\\src\\BooksAPI.js": {"path":"E:\\Estudos\\React\\Projetos\\MyReads\\src\\BooksAPI.js","statementMap":{"0":{"start":{"line":1,"column":39},"end":{"line":1,"column":101}},"1":{"start":{"line":2,"column":12},"end":{"line":2,"column":51}},"2":{"start":{"line":5,"column":12},"end":{"line":5,"column":30}},"3":{"start":{"line":6,"column":0},"end":{"line":7,"column":67}},"4":{"start":{"line":7,"column":0},"end":{"line":7,"column":67}},"5":{"start":{"line":9,"column":16},"end":{"line":11,"column":26}},"6":{"start":{"line":14,"column":38},"end":{"line":17,"column":23}},"7":{"start":{"line":15,"column":0},"end":{"line":17,"column":23}},"8":{"start":{"line":16,"column":12},"end":{"line":16,"column":22}},"9":{"start":{"line":17,"column":13},"end":{"line":17,"column":22}},"10":{"start":{"line":19,"column":41},"end":{"line":22,"column":24}},"11":{"start":{"line":20,"column":0},"end":{"line":22,"column":24}},"12":{"start":{"line":21,"column":12},"end":{"line":21,"column":22}},"13":{"start":{"line":22,"column":13},"end":{"line":22,"column":23}},"14":{"start":{"line":24,"column":41},"end":{"line":32,"column":23}},"15":{"start":{"line":25,"column":0},"end":{"line":32,"column":23}},"16":{"start":{"line":32,"column":12},"end":{"line":32,"column":22}},"17":{"start":{"line":34,"column":41},"end":{"line":43,"column":24}},"18":{"start":{"line":35,"column":0},"end":{"line":43,"column":24}},"19":{"start":{"line":42,"column":12},"end":{"line":42,"column":22}},"20":{"start":{"line":43,"column":13},"end":{"line":43,"column":23}}},"fnMap":{"0":{"name":"(anonymous_0)","decl":{"start":{"line":14,"column":52},"end":{"line":14,"column":53}},"loc":{"start":{"line":15,"column":0},"end":{"line":17,"column":23}},"line":15},"1":{"name":"(anonymous_1)","decl":{"start":{"line":16,"column":5},"end":{"line":16,"column":6}},"loc":{"start":{"line":16,"column":12},"end":{"line":16,"column":22}},"line":16},"2":{"name":"(anonymous_2)","decl":{"start":{"line":17,"column":5},"end":{"line":17,"column":6}},"loc":{"start":{"line":17,"column":13},"end":{"line":17,"column":22}},"line":17},"3":{"name":"(anonymous_3)","decl":{"start":{"line":19,"column":58},"end":{"line":19,"column":59}},"loc":{"start":{"line":20,"column":0},"end":{"line":22,"column":24}},"line":20},"4":{"name":"(anonymous_4)","decl":{"start":{"line":21,"column":5},"end":{"line":21,"column":6}},"loc":{"start":{"line":21,"column":12},"end":{"line":21,"column":22}},"line":21},"5":{"name":"(anonymous_5)","decl":{"start":{"line":22,"column":5},"end":{"line":22,"column":6}},"loc":{"start":{"line":22,"column":13},"end":{"line":22,"column":23}},"line":22},"6":{"name":"(anonymous_6)","decl":{"start":{"line":24,"column":58},"end":{"line":24,"column":59}},"loc":{"start":{"line":25,"column":0},"end":{"line":32,"column":23}},"line":25},"7":{"name":"(anonymous_7)","decl":{"start":{"line":32,"column":5},"end":{"line":32,"column":6}},"loc":{"start":{"line":32,"column":12},"end":{"line":32,"column":22}},"line":32},"8":{"name":"(anonymous_8)","decl":{"start":{"line":34,"column":58},"end":{"line":34,"column":59}},"loc":{"start":{"line":35,"column":0},"end":{"line":43,"column":24}},"line":35},"9":{"name":"(anonymous_9)","decl":{"start":{"line":42,"column":5},"end":{"line":42,"column":6}},"loc":{"start":{"line":42,"column":12},"end":{"line":42,"column":22}},"line":42},"10":{"name":"(anonymous_10)","decl":{"start":{"line":43,"column":5},"end":{"line":43,"column":6}},"loc":{"start":{"line":43,"column":13},"end":{"line":43,"column":23}},"line":43}},"branchMap":{"0":{"loc":{"start":{"line":6,"column":0},"end":{"line":7,"column":67}},"type":"if","locations":[{"start":{"line":6,"column":0},"end":{"line":7,"column":67}},{"start":{"line":6,"column":0},"end":{"line":7,"column":67}}],"line":6}},"s":{"0":0,"1":0,"2":0,"3":0,"4":0,"5":0,"6":0,"7":0,"8":0,"9":0,"10":0,"11":0,"12":0,"13":0,"14":0,"15":0,"16":0,"17":0,"18":0,"19":0,"20":0},"f":{"0":0,"1":0,"2":0,"3":0,"4":0,"5":0,"6":0,"7":0,"8":0,"9":0,"10":0},"b":{"0":[0,0]}}
,"E:\\Estudos\\React\\Projetos\\MyReads\\src\\MyReads.js": {"path":"E:\\Estudos\\React\\Projetos\\MyReads\\src\\MyReads.js","statementMap":{"0":{"start":{"line":1,"column":39},"end":{"line":1,"column":101}},"1":{"start":{"line":1,"column":120},"end":{"line":1,"column":176}},"2":{"start":{"line":17,"column":23},"end":{"line":20,"column":34}},"3":{"start":{"line":22,"column":4},"end":{"line":39,"column":274}},"4":{"start":{"line":30,"column":38},"end":{"line":34,"column":128}},"5":{"start":{"line":32,"column":53},"end":{"line":32,"column":76}},"6":{"start":{"line":34,"column":35},"end":{"line":34,"column":57}}},"fnMap":{"0":{"name":"(anonymous_0)","decl":{"start":{"line":16,"column":2},"end":{"line":16,"column":3}},"loc":{"start":{"line":16,"column":11},"end":{"line":44,"column":3}},"line":16},"1":{"name":"(anonymous_1)","decl":{"start":{"line":29,"column":27},"end":{"line":29,"column":28}},"loc":{"start":{"line":30,"column":38},"end":{"line":34,"column":128}},"line":30},"2":{"name":"(anonymous_2)","decl":{"start":{"line":32,"column":45},"end":{"line":32,"column":46}},"loc":{"start":{"line":32,"column":53},"end":{"line":32,"column":76}},"line":32},"3":{"name":"(anonymous_3)","decl":{"start":{"line":34,"column":27},"end":{"line":34,"column":28}},"loc":{"start":{"line":34,"column":35},"end":{"line":34,"column":57}},"line":34}},"branchMap":{},"s":{"0":0,"1":0,"2":0,"3":0,"4":0,"5":0,"6":0},"f":{"0":0,"1":0,"2":0,"3":0},"b":{}}
,"E:\\Estudos\\React\\Projetos\\MyReads\\src\\SearchBooks.js": {"path":"E:\\Estudos\\React\\Projetos\\MyReads\\src\\SearchBooks.js","statementMap":{"0":{"start":{"line":1,"column":39},"end":{"line":1,"column":101}},"1":{"start":{"line":1,"column":120},"end":{"line":1,"column":180}},"2":{"start":{"line":5,"column":462},"end":{"line":5,"column":516}},"3":{"start":{"line":49,"column":64},"end":{"line":49,"column":123}},"4":{"start":{"line":49,"column":111},"end":{"line":49,"column":123}},"5":{"start":{"line":49,"column":123},"end":{"line":49,"column":136}},"6":{"start":{"line":49,"column":147},"end":{"line":66,"column":124}},"7":{"start":{"line":59,"column":33},"end":{"line":59,"column":68}}},"fnMap":{"0":{"name":"_interopRequireDefault","decl":{"start":{"line":5,"column":433},"end":{"line":5,"column":455}},"loc":{"start":{"line":5,"column":461},"end":{"line":5,"column":517}},"line":5},"1":{"name":"(anonymous_1)","decl":{"start":{"line":49,"column":18},"end":{"line":49,"column":19}},"loc":{"start":{"line":49,"column":63},"end":{"line":49,"column":137}},"line":49},"2":{"name":"(anonymous_2)","decl":{"start":{"line":49,"column":137},"end":{"line":49,"column":138}},"loc":{"start":{"line":49,"column":146},"end":{"line":71,"column":3}},"line":49},"3":{"name":"(anonymous_3)","decl":{"start":{"line":59,"column":24},"end":{"line":59,"column":25}},"loc":{"start":{"line":59,"column":33},"end":{"line":59,"column":68}},"line":59}},"branchMap":{"0":{"loc":{"start":{"line":5,"column":469},"end":{"line":5,"column":515}},"type":"cond-expr","locations":[{"start":{"line":5,"column":493},"end":{"line":5,"column":496}},{"start":{"line":5,"column":499},"end":{"line":5,"column":515}}],"line":5},"1":{"loc":{"start":{"line":5,"column":469},"end":{"line":5,"column":490}},"type":"binary-expr","locations":[{"start":{"line":5,"column":469},"end":{"line":5,"column":472}},{"start":{"line":5,"column":476},"end":{"line":5,"column":490}}],"line":5},"2":{"loc":{"start":{"line":49,"column":64},"end":{"line":49,"column":123}},"type":"if","locations":[{"start":{"line":49,"column":64},"end":{"line":49,"column":123}},{"start":{"line":49,"column":64},"end":{"line":49,"column":123}}],"line":49}},"s":{"0":0,"1":0,"2":0,"3":0,"4":0,"5":0,"6":0,"7":0},"f":{"0":0,"1":0,"2":0,"3":0},"b":{"0":[0,0],"1":[0,0],"2":[0,0]}}
,"E:\\Estudos\\React\\Projetos\\MyReads\\src\\index.js": {"path":"E:\\Estudos\\React\\Projetos\\MyReads\\src\\index.js","statementMap":{"0":{"start":{"line":1,"column":58},"end":{"line":1,"column":112}}},"fnMap":{},"branchMap":{},"s":{"0":0},"f":{},"b":{}}
,"E:\\Estudos\\React\\Projetos\\MyReads\\src\\setupTests.js": {"path":"E:\\Estudos\\React\\Projetos\\MyReads\\src\\setupTests.js","statementMap":{"0":{"start":{"line":4,"column":0},"end":{"line":4,"column":43}}},"fnMap":{},"branchMap":{},"s":{"0":1},"f":{},"b":{},"_coverageSchema":"332fd63041d2c1bcb487cc26dd0d5f7d97098a6c","hash":"ca4db56facdcad26c792d4a7cb94ea30fc54bac2"}
}
